# JRE version: OpenJDK Runtime Environment (21.0.3) (build 21.0.3+-12282718-b509.11)
# Java VM: OpenJDK 64-Bit Server VM (21.0.3+-12282718-b509.11, mixed mode, tiered, compressed oops, compressed class ptrs, g1 gc, windows-amd64)
GC Precious Log:
 CardTable entry size: 512
 Card Set container configuration: InlinePtr #cards 5 size 8 Array Of Cards #cards 12 size 40 Howl #buckets 4 coarsen threshold 1843 Howl Bitmap #cards 512 size 80 coarsen threshold 460 Card regions per heap region 1 cards per card region 2048
 CPUs: 4 total, 4 available
 Memory: 6020M
 Large Page Support: Disabled
 NUMA Support: Disabled
 Compressed Oops: Enabled (32-bit)
 Heap Region Size: 1M
 Heap Min Capacity: 8M
 Heap Initial Capacity: 96M
 Heap Max Capacity: 2G
 Pre-touch: Disabled
 Parallel Workers: 4
 Concurrent Workers: 1
 Concurrent Refinement Workers: 4
 Periodic GC: Disabled
Heap:
 garbage-first heap   total 455680K, used 349184K [0x0000000080000000, 0x0000000100000000)
  region size 1024K, 98 young (100352K), 19 survivors (19456K)
 Metaspace       used 201500K, committed 204416K, reserved 1245184K
  class space    used 25865K, committed 27328K, reserved 1048576K
GC Heap History (20 events):
Event: 71.570 GC heap before
{Heap before GC invocations=51 (full 0):
 garbage-first heap   total 378880K, used 302592K [0x0000000080000000, 0x0000000100000000)
  region size 1024K, 94 young (96256K), 5 survivors (5120K)
 Metaspace       used 171466K, committed 174016K, reserved 1245184K
  class space    used 22220K, committed 23488K, reserved 1048576K
}
Event: 71.587 GC heap after
{Heap after GC invocations=52 (full 0):
 garbage-first heap   total 378880K, used 212992K [0x0000000080000000, 0x0000000100000000)
  region size 1024K, 7 young (7168K), 7 survivors (7168K)
 Metaspace       used 171466K, committed 174016K, reserved 1245184K
  class space    used 22220K, committed 23488K, reserved 1048576K
}
Event: 76.025 GC heap before
{Heap before GC invocations=52 (full 0):
 garbage-first heap   total 378880K, used 355328K [0x0000000080000000, 0x0000000100000000)
  region size 1024K, 133 young (136192K), 7 survivors (7168K)
 Metaspace       used 178642K, committed 181312K, reserved 1245184K
  class space    used 23226K, committed 24512K, reserved 1048576K
}
Event: 76.062 GC heap after
{Heap after GC invocations=53 (full 0):
 garbage-first heap   total 378880K, used 227591K [0x0000000080000000, 0x0000000100000000)
  region size 1024K, 17 young (17408K), 17 survivors (17408K)
 Metaspace       used 178642K, committed 181312K, reserved 1245184K
  class space    used 23226K, committed 24512K, reserved 1048576K
}
Event: 77.922 GC heap before
{Heap before GC invocations=53 (full 0):
 garbage-first heap   total 378880K, used 340231K [0x0000000080000000, 0x0000000100000000)
  region size 1024K, 128 young (131072K), 17 survivors (17408K)
 Metaspace       used 178642K, committed 181312K, reserved 1245184K
  class space    used 23226K, committed 24512K, reserved 1048576K
}
Event: 77.950 GC heap after
{Heap after GC invocations=54 (full 0):
 garbage-first heap   total 378880K, used 232650K [0x0000000080000000, 0x0000000100000000)
  region size 1024K, 7 young (7168K), 7 survivors (7168K)
 Metaspace       used 178642K, committed 181312K, reserved 1245184K
  class space    used 23226K, committed 24512K, reserved 1048576K
}
Event: 81.940 GC heap before
{Heap before GC invocations=55 (full 0):
 garbage-first heap   total 411648K, used 346314K [0x0000000080000000, 0x0000000100000000)
  region size 1024K, 118 young (120832K), 7 survivors (7168K)
 Metaspace       used 178642K, committed 181312K, reserved 1245184K
  class space    used 23226K, committed 24512K, reserved 1048576K
}
Event: 81.957 GC heap after
{Heap after GC invocations=56 (full 0):
 garbage-first heap   total 411648K, used 237098K [0x0000000080000000, 0x0000000100000000)
  region size 1024K, 11 young (11264K), 11 survivors (11264K)
 Metaspace       used 178642K, committed 181312K, reserved 1245184K
  class space    used 23226K, committed 24512K, reserved 1048576K
}
Event: 83.795 GC heap before
{Heap before GC invocations=56 (full 0):
 garbage-first heap   total 411648K, used 376362K [0x0000000080000000, 0x0000000100000000)
  region size 1024K, 147 young (150528K), 11 survivors (11264K)
 Metaspace       used 178642K, committed 181312K, reserved 1245184K
  class space    used 23226K, committed 24512K, reserved 1048576K
}
Event: 83.820 GC heap after
{Heap after GC invocations=57 (full 0):
 garbage-first heap   total 411648K, used 239032K [0x0000000080000000, 0x0000000100000000)
  region size 1024K, 13 young (13312K), 13 survivors (13312K)
 Metaspace       used 178642K, committed 181312K, reserved 1245184K
  class space    used 23226K, committed 24512K, reserved 1048576K
}
Event: 85.155 GC heap before
{Heap before GC invocations=57 (full 0):
 garbage-first heap   total 411648K, used 376248K [0x0000000080000000, 0x0000000100000000)
  region size 1024K, 147 young (150528K), 13 survivors (13312K)
 Metaspace       used 178642K, committed 181312K, reserved 1245184K
  class space    used 23226K, committed 24512K, reserved 1048576K
}
Event: 85.177 GC heap after
{Heap after GC invocations=58 (full 0):
 garbage-first heap   total 411648K, used 243764K [0x0000000080000000, 0x0000000100000000)
  region size 1024K, 13 young (13312K), 13 survivors (13312K)
 Metaspace       used 178642K, committed 181312K, reserved 1245184K
  class space    used 23226K, committed 24512K, reserved 1048576K
}
Event: 87.712 GC heap before
{Heap before GC invocations=59 (full 0):
 garbage-first heap   total 455680K, used 370740K [0x0000000080000000, 0x0000000100000000)
  region size 1024K, 140 young (143360K), 13 survivors (13312K)
 Metaspace       used 186041K, committed 188800K, reserved 1245184K
  class space    used 24168K, committed 25536K, reserved 1048576K
}
Event: 87.735 GC heap after
{Heap after GC invocations=60 (full 0):
 garbage-first heap   total 455680K, used 245714K [0x0000000080000000, 0x0000000100000000)
  region size 1024K, 14 young (14336K), 14 survivors (14336K)
 Metaspace       used 186041K, committed 188800K, reserved 1245184K
  class space    used 24168K, committed 25536K, reserved 1048576K
}
Event: 97.144 GC heap before
{Heap before GC invocations=60 (full 0):
 garbage-first heap   total 455680K, used 414674K [0x0000000080000000, 0x0000000100000000)
  region size 1024K, 175 young (179200K), 14 survivors (14336K)
 Metaspace       used 194127K, committed 196928K, reserved 1245184K
  class space    used 24992K, committed 26368K, reserved 1048576K
}
Event: 97.187 GC heap after
{Heap after GC invocations=61 (full 0):
 garbage-first heap   total 455680K, used 245701K [0x0000000080000000, 0x0000000100000000)
  region size 1024K, 17 young (17408K), 17 survivors (17408K)
 Metaspace       used 194127K, committed 196928K, reserved 1245184K
  class space    used 24992K, committed 26368K, reserved 1048576K
}
Event: 100.930 GC heap before
{Heap before GC invocations=61 (full 0):
 garbage-first heap   total 455680K, used 412613K [0x0000000080000000, 0x0000000100000000)
  region size 1024K, 181 young (185344K), 17 survivors (17408K)
 Metaspace       used 196295K, committed 199104K, reserved 1245184K
  class space    used 25241K, committed 26688K, reserved 1048576K
}
Event: 100.974 GC heap after
{Heap after GC invocations=62 (full 0):
 garbage-first heap   total 455680K, used 255653K [0x0000000080000000, 0x0000000100000000)
  region size 1024K, 21 young (21504K), 21 survivors (21504K)
 Metaspace       used 196295K, committed 199104K, reserved 1245184K
  class space    used 25241K, committed 26688K, reserved 1048576K
}
Event: 215.434 GC heap before
{Heap before GC invocations=63 (full 0):
 garbage-first heap   total 455680K, used 410277K [0x0000000080000000, 0x0000000100000000)
  region size 1024K, 172 young (176128K), 21 survivors (21504K)
 Metaspace       used 201351K, committed 204288K, reserved 1245184K
  class space    used 25862K, committed 27328K, reserved 1048576K
}
Event: 215.497 GC heap after
{Heap after GC invocations=64 (full 0):
 garbage-first heap   total 455680K, used 263168K [0x0000000080000000, 0x0000000100000000)
  region size 1024K, 19 young (19456K), 19 survivors (19456K)
 Metaspace       used 201351K, committed 204288K, reserved 1245184K
  class space    used 25862K, committed 27328K, reserved 1048576K
}

